<?xml version="1.0" encoding="UTF-8"?>
<!-- Generated by org.testng.reporters.JUnitReportReporter -->
<testsuite hostname="FRP03379" failures="0" tests="1" name="Testclassscommune.TestvcCom4" time="4.909" errors="0" timestamp="13 dÃ©c. 2022 13:56:05 GMT" skipped="0">
  <testcase classname="Testclassscommune.TestvcCom4" name="montest4" time="4.909"/>
</testsuite> <!-- Testclassscommune.TestvcCom4 -->
