<?xml version="1.0" encoding="UTF-8"?>
<!-- Generated by org.testng.reporters.JUnitReportReporter -->
<testsuite hostname="FRP03379" failures="0" tests="1" name="OneTestOneclass.TestClass03" time="2.717" errors="0" timestamp="13 dÃ©c. 2022 13:56:05 GMT" skipped="0">
  <testcase classname="OneTestOneclass.TestClass03" name="montest3" time="2.717"/>
</testsuite> <!-- OneTestOneclass.TestClass03 -->
