<?xml version="1.0" encoding="UTF-8"?>
<!-- Generated by org.testng.reporters.JUnitReportReporter -->
<testsuite hostname="FRP03379" failures="0" tests="1" name="OneTestOneclass.TestClass01" time="19.815" errors="0" timestamp="13 dÃ©c. 2022 14:44:05 GMT" skipped="0">
  <testcase classname="OneTestOneclass.TestClass01" name="montest1" time="19.815"/>
</testsuite> <!-- OneTestOneclass.TestClass01 -->
